<?xml version="1.0" encoding="UTF-8"?>
<!-- Generated by org.testng.reporters.JUnitReportReporter -->
<testsuite hostname="DESKTOP-5K1FT68" failures="0" tests="4" name="Listeners.Imethodinterceptor" time="0.066" errors="0" timestamp="2023-08-24T16:26:14 IST" skipped="0">
  <testcase classname="Listeners.Imethodinterceptor" name="method3" time="0.019"/>
  <system-out/>
  <testcase classname="Listeners.Imethodinterceptor" name="method4" time="0.006"/>
  <system-out/>
  <testcase classname="Listeners.Imethodinterceptor" name="method1" time="0.035"/>
  <system-out/>
  <testcase classname="Listeners.Imethodinterceptor" name="method2" time="0.006"/>
  <system-out/>
</testsuite> <!-- Listeners.Imethodinterceptor -->
